19:36:49 **** Rebuild of configuration Debug for project Clase3 ****
Info: Internal Builder is used for build
gcc -O0 -g3 -Wall -c -fmessage-length=0 -o "src\\Clase3.o" "..\\src\\Clase3.c" 
..\src\Clase3.c: In function 'main':
..\src\Clase3.c:23:14: warning: implicit declaration of function 'sumaConLimite' [-Wimplicit-function-declaration]
   23 |  resultado = sumaConLimite(num1,num2);
      |              ^~~~~~~~~~~~~
gcc -o Clase3.exe "src\\Clase3.o" 
c:/mingw/bin/../lib/gcc/mingw32/9.2.0/../../../../mingw32/bin/ld.exe: src\Clase3.o: in function `main':
D:\Dropbox\Personal\Programacion\Programacion1_Lab_1\workspace\Temp\Clase3\Debug/../src/Clase3.c:23: undefined reference to `sumaConLimite'
collect2.exe: error: ld returned 1 exit status
19:37:35 **** Incremental Build of configuration Debug for project Clase3 ****
Info: Internal Builder is used for build
gcc -O0 -g3 -Wall -c -fmessage-length=0 -o "src\\Clase3.o" "..\\src\\Clase3.c" 
..\src\Clase3.c: In function 'main':
..\src\Clase3.c:23:14: warning: implicit declaration of function 'sumarConLimite' [-Wimplicit-function-declaration]
   23 |  resultado = sumarConLimite(num1,num2);
      |              ^~~~~~~~~~~~~~
gcc -o Clase3.exe "src\\Clase3.o" 
Info: Nothing to build for Clase3
Info: Nothing to build for Clase3
19:43:54 **** Incremental Build of configuration Debug for project Clase3 ****
Info: Internal Builder is used for build
gcc -O0 -g3 -Wall -c -fmessage-length=0 -o "src\\Clase3.o" "..\\src\\Clase3.c" 
gcc -o Clase3.exe "src\\Clase3.o" 
19:44:10 **** Incremental Build of configuration Debug for project Clase3 ****
Info: Internal Builder is used for build
gcc -O0 -g3 -Wall -c -fmessage-length=0 -o "src\\Clase3.o" "..\\src\\Clase3.c" 
..\src\Clase3.c:31:1: error: expected identifier or '(' before '{' token
   31 | {
      | ^
19:45:27 **** Incremental Build of configuration Debug for project Clase3 ****
Info: Internal Builder is used for build
gcc -O0 -g3 -Wall -c -fmessage-length=0 -o "src\\Clase3.o" "..\\src\\Clase3.c" 
gcc -o Clase3.exe "src\\Clase3.o" 
Info: Nothing to build for Clase3
20:07:25 **** Incremental Build of configuration Debug for project Clase3 ****
Info: Internal Builder is used for build
gcc -O0 -g3 -Wall -c -fmessage-length=0 -o "src\\Clase3.o" "..\\src\\Clase3.c" 
..\src\Clase3.c: In function 'main':
..\src\Clase3.c:24:6: warning: unused variable 'resultado' [-Wunused-variable]
   24 |  int resultado;
      |      ^~~~~~~~~
gcc -o Clase3.exe "src\\Clase3.o" 
20:08:11 **** Incremental Build of configuration Debug for project Clase3 ****
Info: Internal Builder is used for build
gcc -O0 -g3 -Wall -c -fmessage-length=0 -o "src\\Clase3.o" "..\\src\\Clase3.c" 
gcc -o Clase3.exe "src\\Clase3.o" 
20:08:39 **** Incremental Build of configuration Debug for project Clase3 ****
Info: Internal Builder is used for build
gcc -O0 -g3 -Wall -c -fmessage-length=0 -o "src\\Clase3.o" "..\\src\\Clase3.c" 
..\src\Clase3.c: In function 'main':
..\src\Clase3.c:23:7: warning: unused variable 'operacion' [-Wunused-variable]
   23 |  char operacion;
      |       ^~~~~~~~~
gcc -o Clase3.exe "src\\Clase3.o" 
20:12:08 **** Incremental Build of configuration Debug for project Clase3 ****
Info: Internal Builder is used for build
gcc -O0 -g3 -Wall -c -fmessage-length=0 -o "src\\Clase3.o" "..\\src\\Clase3.c" 
..\src\Clase3.c: In function 'main':
..\src\Clase3.c:24:6: warning: variable 'resultado' set but not used [-Wunused-but-set-variable]
   24 |  int resultado;
      |      ^~~~~~~~~
..\src\Clase3.c:30:2: warning: 'operacion' is used uninitialized in this function [-Wuninitialized]
   30 |  switch (operacion) {
      |  ^~~~~~
gcc -o Clase3.exe "src\\Clase3.o" 
20:13:01 **** Incremental Build of configuration Debug for project Clase3 ****
Info: Internal Builder is used for build
gcc -O0 -g3 -Wall -c -fmessage-length=0 -o "src\\Clase3.o" "..\\src\\Clase3.c" 
..\src\Clase3.c: In function 'main':
..\src\Clase3.c:24:6: warning: variable 'resultado' set but not used [-Wunused-but-set-variable]
   24 |  int resultado;
      |      ^~~~~~~~~
gcc -o Clase3.exe "src\\Clase3.o" 
20:13:48 **** Incremental Build of configuration Debug for project Clase3 ****
Info: Internal Builder is used for build
gcc -O0 -g3 -Wall -c -fmessage-length=0 -o "src\\Clase3.o" "..\\src\\Clase3.c" 
gcc -o Clase3.exe "src\\Clase3.o" 
20:15:52 **** Incremental Build of configuration Debug for project Clase3 ****
Info: Internal Builder is used for build
gcc -O0 -g3 -Wall -c -fmessage-length=0 -o "src\\Clase3.o" "..\\src\\Clase3.c" 
gcc -o Clase3.exe "src\\Clase3.o" 
20:16:16 **** Incremental Build of configuration Debug for project Clase3 ****
Info: Internal Builder is used for build
gcc -O0 -g3 -Wall -c -fmessage-length=0 -o "src\\Clase3.o" "..\\src\\Clase3.c" 
gcc -o Clase3.exe "src\\Clase3.o" 
Info: Nothing to build for Clase3
Info: Nothing to build for Clase3
20:17:52 **** Incremental Build of configuration Debug for project Clase3 ****
Info: Internal Builder is used for build
gcc -O0 -g3 -Wall -c -fmessage-length=0 -o "src\\Clase3.o" "..\\src\\Clase3.c" 
gcc -o Clase3.exe "src\\Clase3.o" 
Info: Nothing to build for Clase3
Info: Nothing to build for Clase3
20:19:35 **** Incremental Build of configuration Debug for project Clase3 ****
Info: Internal Builder is used for build
gcc -O0 -g3 -Wall -c -fmessage-length=0 -o "src\\Clase3.o" "..\\src\\Clase3.c" 
gcc -o Clase3.exe "src\\Clase3.o" 
20:20:03 **** Incremental Build of configuration Debug for project Clase3 ****
Info: Internal Builder is used for build
gcc -O0 -g3 -Wall -c -fmessage-length=0 -o "src\\Clase3.o" "..\\src\\Clase3.c" 
gcc -o Clase3.exe "src\\Clase3.o" 
20:20:43 **** Incremental Build of configuration Debug for project Clase3 ****
Info: Internal Builder is used for build
gcc -O0 -g3 -Wall -c -fmessage-length=0 -o "src\\Clase3.o" "..\\src\\Clase3.c" 
gcc -o Clase3.exe "src\\Clase3.o" 
20:22:09 **** Incremental Build of configuration Debug for project Clase3 ****
Info: Internal Builder is used for build
gcc -O0 -g3 -Wall -c -fmessage-length=0 -o "src\\Clase3.o" "..\\src\\Clase3.c" 
gcc -o Clase3.exe "src\\Clase3.o" 
20:23:09 **** Incremental Build of configuration Debug for project Clase3 ****
Info: Internal Builder is used for build
gcc -O0 -g3 -Wall -c -fmessage-length=0 -o "src\\Clase3.o" "..\\src\\Clase3.c" 
..\src\Clase3.c: In function 'main':
..\src\Clase3.c:51:20: error: lvalue required as left operand of assignment
   51 |   (float)resultado = dividir(num1,num2);
      |                    ^
20:23:47 **** Incremental Build of configuration Debug for project Clase3 ****
Info: Internal Builder is used for build
gcc -O0 -g3 -Wall -c -fmessage-length=0 -o "src\\Clase3.o" "..\\src\\Clase3.c" 
..\src\Clase3.c: In function 'main':
..\src\Clase3.c:51:21: error: lvalue required as left operand of assignment
   51 |   (float) resultado = dividir(num1,num2);
      |                     ^
20:24:31 **** Incremental Build of configuration Debug for project Clase3 ****
Info: Internal Builder is used for build
gcc -O0 -g3 -Wall -c -fmessage-length=0 -o "src\\Clase3.o" "..\\src\\Clase3.c" 
gcc -o Clase3.exe "src\\Clase3.o" 
20:25:04 **** Incremental Build of configuration Debug for project Clase3 ****
Info: Internal Builder is used for build
gcc -O0 -g3 -Wall -c -fmessage-length=0 -o "src\\Clase3.o" "..\\src\\Clase3.c" 
..\src\Clase3.c: In function 'main':
..\src\Clase3.c:51:21: error: lvalue required as left operand of assignment
   51 |   (float) resultado = dividir(num1,num2);
      |                     ^
20:25:44 **** Incremental Build of configuration Debug for project Clase3 ****
Info: Internal Builder is used for build
gcc -O0 -g3 -Wall -c -fmessage-length=0 -o "src\\Clase3.o" "..\\src\\Clase3.c" 
..\src\Clase3.c: In function 'main':
..\src\Clase3.c:56:28: warning: format '%d' expects argument of type 'int', but argument 2 has type 'double' [-Wformat=]
   56 |  printf("El resultado es: %d", resultado);
      |                           ~^   ~~~~~~~~~
      |                            |   |
      |                            int double
      |                           %f
gcc -o Clase3.exe "src\\Clase3.o" 
20:26:52 **** Incremental Build of configuration Debug for project Clase3 ****
Info: Internal Builder is used for build
gcc -O0 -g3 -Wall -c -fmessage-length=0 -o "src\\Clase3.o" "..\\src\\Clase3.c" 
..\src\Clase3.c: In function 'main':
..\src\Clase3.c:51:13: error: expected expression before 'float'
   51 |   resultado(float)= dividir(num1,num2);
      |             ^~~~~
..\src\Clase3.c:51:3: error: called object 'resultado' is not a function or function pointer
   51 |   resultado(float)= dividir(num1,num2);
      |   ^~~~~~~~~
..\src\Clase3.c:26:6: note: declared here
   26 |  int resultado;
      |      ^~~~~~~~~
20:27:10 **** Incremental Build of configuration Debug for project Clase3 ****
Info: Internal Builder is used for build
gcc -O0 -g3 -Wall -c -fmessage-length=0 -o "src\\Clase3.o" "..\\src\\Clase3.c" 
gcc -o Clase3.exe "src\\Clase3.o" 
20:28:28 **** Incremental Build of configuration Debug for project Clase3 ****
Info: Internal Builder is used for build
gcc -O0 -g3 -Wall -c -fmessage-length=0 -o "src\\Clase3.o" "..\\src\\Clase3.c" 
gcc -o Clase3.exe "src\\Clase3.o" 
20:28:51 **** Incremental Build of configuration Debug for project Clase3 ****
Info: Internal Builder is used for build
gcc -O0 -g3 -Wall -c -fmessage-length=0 -o "src\\Clase3.o" "..\\src\\Clase3.c" 
gcc -o Clase3.exe "src\\Clase3.o" 
20:31:18 **** Incremental Build of configuration Debug for project Clase3 ****
Info: Internal Builder is used for build
gcc -O0 -g3 -Wall -c -fmessage-length=0 -o "src\\Clase3.o" "..\\src\\Clase3.c" 
gcc -o Clase3.exe "src\\Clase3.o" 
20:49:16 **** Incremental Build of configuration Debug for project Clase3 ****
Info: Internal Builder is used for build
gcc -O0 -g3 -Wall -c -fmessage-length=0 -o "src\\Clase3.o" "..\\src\\Clase3.c" 
..\src\Clase3.c: In function 'main':
..\src\Clase3.c:59:29: warning: format '%d' expects argument of type 'int', but argument 2 has type 'double' [-Wformat=]
   59 |   printf("El resultado es: %d", (float) resultado);
      |                            ~^   ~~~~~~~~~~~~~~~~~
      |                             |   |
      |                             int double
      |                            %f
gcc -o Clase3.exe "src\\Clase3.o" 
20:52:38 **** Incremental Build of configuration Debug for project Clase3 ****
Info: Internal Builder is used for build
gcc -O0 -g3 -Wall -c -fmessage-length=0 -o "src\\Clase3.o" "..\\src\\Clase3.c" 
gcc -o Clase3.exe "src\\Clase3.o" 
20:53:32 **** Incremental Build of configuration Debug for project Clase3 ****
Info: Internal Builder is used for build
gcc -O0 -g3 -Wall -c -fmessage-length=0 -o "src\\Clase3.o" "..\\src\\Clase3.c" 
gcc -o Clase3.exe "src\\Clase3.o" 
20:56:24 **** Incremental Build of configuration Debug for project Clase3 ****
Info: Internal Builder is used for build
gcc -O0 -g3 -Wall -c -fmessage-length=0 -o "src\\Clase3.o" "..\\src\\Clase3.c" 
gcc -o Clase3.exe "src\\Clase3.o" 
20:56:47 **** Incremental Build of configuration Debug for project Clase3 ****
Info: Internal Builder is used for build
gcc -O0 -g3 -Wall -c -fmessage-length=0 -o "src\\Clase3.o" "..\\src\\Clase3.c" 
..\src\Clase3.c: In function 'main':
..\src\Clase3.c:29:16: error: expected ';' before 'scanf'
   29 |  fflush (stdin)
      |                ^
      |                ;
   30 |  scanf("%d", &num1);
      |  ~~~~~          
20:57:02 **** Incremental Build of configuration Debug for project Clase3 ****
Info: Internal Builder is used for build
gcc -O0 -g3 -Wall -c -fmessage-length=0 -o "src\\Clase3.o" "..\\src\\Clase3.c" 
gcc -o Clase3.exe "src\\Clase3.o" 
21:03:10 **** Incremental Build of configuration Debug for project Clase3 ****
Info: Internal Builder is used for build
gcc -O0 -g3 -Wall -c -fmessage-length=0 -o "src\\Clase3.o" "..\\src\\Clase3.c" 
gcc -o Clase3.exe "src\\Clase3.o" 
21:11:28 **** Incremental Build of configuration Debug for project Clase3 ****
Info: Internal Builder is used for build
gcc -O0 -g3 -Wall -c -fmessage-length=0 -o "src\\Clase3.o" "..\\src\\Clase3.c" 
gcc -o Clase3.exe "src\\Clase3.o" 
21:11:51 **** Incremental Build of configuration Debug for project Clase3 ****
Info: Internal Builder is used for build
gcc -O0 -g3 -Wall -c -fmessage-length=0 -o "src\\Clase3.o" "..\\src\\Clase3.c" 
gcc -o Clase3.exe "src\\Clase3.o" 
21:13:05 **** Incremental Build of configuration Debug for project Clase3 ****
Info: Internal Builder is used for build
gcc -O0 -g3 -Wall -c -fmessage-length=0 -o "src\\Clase3.o" "..\\src\\Clase3.c" 
gcc -o Clase3.exe "src\\Clase3.o" 
18:33:35 **** Incremental Build of configuration Debug for project Clase3 ****
Info: Internal Builder is used for build
gcc -O0 -g3 -Wall -c -fmessage-length=0 -o "src\\Clase3.o" "..\\src\\Clase3.c" 
gcc -o Clase3.exe "src\\Clase3.o" 
Info: Nothing to build for Clase3
Info: Nothing to build for Clase3
Info: Nothing to build for Clase3
Info: Nothing to build for Clase3
18:36:59 **** Rebuild of configuration Debug for project Clase4 ****
Info: Internal Builder is used for build
gcc -O0 -g3 -Wall -c -fmessage-length=0 -o "src\\Clase4.o" "..\\src\\Clase4.c" 
..\src\Clase4.c: In function 'main':
..\src\Clase4.c:43:15: warning: implicit declaration of function 'restar' [-Wimplicit-function-declaration]
   43 |   resultado = restar(num1,num2);
      |               ^~~~~~
..\src\Clase4.c:47:15: warning: implicit declaration of function 'multiplicar' [-Wimplicit-function-declaration]
   47 |   resultado = multiplicar(num1,num2);
      |               ^~~~~~~~~~~
..\src\Clase4.c:51:20: warning: implicit declaration of function 'dividir' [-Wimplicit-function-declaration]
   51 |   resultadoFloat = dividir(num1,num2);
      |                    ^~~~~~~
..\src\Clase4.c: At top level:
..\src\Clase4.c:100:7: error: conflicting types for 'dividir'
  100 | float dividir(int operador1, int operador2) {
      |       ^~~~~~~
..\src\Clase4.c:51:20: note: previous implicit declaration of 'dividir' was here
   51 |   resultadoFloat = dividir(num1,num2);
      |                    ^~~~~~~
18:37:29 **** Incremental Build of configuration Debug for project Clase4 ****
Info: Internal Builder is used for build
gcc -O0 -g3 -Wall -c -fmessage-length=0 -o "src\\Clase4.o" "..\\src\\Clase4.c" 
gcc -o Clase4.exe "src\\Clase4.o" 
Info: Nothing to build for Clase4
Info: Nothing to build for Clase4
18:42:17 **** Incremental Build of configuration Debug for project Clase4 ****
Info: Internal Builder is used for build
gcc -O0 -g3 -Wall -c -fmessage-length=0 -o "src\\Clase4.o" "..\\src\\Clase4.c" 
gcc -o Clase4.exe "src\\Clase4.o" 
c:/mingw/bin/../lib/gcc/mingw32/9.2.0/../../../../mingw32/bin/ld.exe: cannot open output file Clase4.exe: Invalid argument
collect2.exe: error: ld returned 1 exit status
18:43:19 **** Incremental Build of configuration Debug for project Clase4 ****
Info: Internal Builder is used for build
gcc -o Clase4.exe "src\\Clase4.o" 
Info: Nothing to build for Clase4
19:55:35 **** Incremental Build of configuration Debug for project Clase4 ****
Info: Internal Builder is used for build
gcc -O0 -g3 -Wall -c -fmessage-length=0 -o "src\\Clase4.o" "..\\src\\Clase4.c" 
gcc -O0 -g3 -Wall -c -fmessage-length=0 -o "src\\utn.o" "..\\src\\utn.c" 
gcc -o Clase4.exe "src\\Clase4.o" "src\\utn.o" 
Info: Nothing to build for Clase4
19:56:02 **** Incremental Build of configuration Debug for project Clase4 ****
Info: Internal Builder is used for build
gcc -O0 -g3 -Wall -c -fmessage-length=0 -o "src\\Clase4.o" "..\\src\\Clase4.c" 
gcc -o Clase4.exe "src\\Clase4.o" "src\\utn.o" 
c:/mingw/bin/../lib/gcc/mingw32/9.2.0/../../../../mingw32/bin/ld.exe: cannot open output file Clase4.exe: Permission denied
collect2.exe: error: ld returned 1 exit status
19:56:11 **** Incremental Build of configuration Debug for project Clase4 ****
Info: Internal Builder is used for build
gcc -o Clase4.exe "src\\Clase4.o" "src\\utn.o" 
c:/mingw/bin/../lib/gcc/mingw32/9.2.0/../../../../mingw32/bin/ld.exe: cannot open output file Clase4.exe: Permission denied
collect2.exe: error: ld returned 1 exit status
19:56:15 **** Incremental Build of configuration Debug for project Clase4 ****
Info: Internal Builder is used for build
gcc -o Clase4.exe "src\\Clase4.o" "src\\utn.o" 
19:56:31 **** Incremental Build of configuration Debug for project Clase4 ****
Info: Internal Builder is used for build
gcc -O0 -g3 -Wall -c -fmessage-length=0 -o "src\\Clase4.o" "..\\src\\Clase4.c" 
gcc -o Clase4.exe "src\\Clase4.o" "src\\utn.o" 
19:58:09 **** Incremental Build of configuration Debug for project Clase4 ****
Info: Internal Builder is used for build
gcc -O0 -g3 -Wall -c -fmessage-length=0 -o "src\\Clase4.o" "..\\src\\Clase4.c" 
gcc -o Clase4.exe "src\\Clase4.o" "src\\utn.o" 
c:/mingw/bin/../lib/gcc/mingw32/9.2.0/../../../../mingw32/bin/ld.exe: cannot open output file Clase4.exe: Permission denied
collect2.exe: error: ld returned 1 exit status
19:58:10 **** Incremental Build of configuration Debug for project Clase4 ****
Info: Internal Builder is used for build
gcc -o Clase4.exe "src\\Clase4.o" "src\\utn.o" 
c:/mingw/bin/../lib/gcc/mingw32/9.2.0/../../../../mingw32/bin/ld.exe: cannot open output file Clase4.exe: Permission denied
collect2.exe: error: ld returned 1 exit status
19:58:14 **** Incremental Build of configuration Debug for project Clase4 ****
Info: Internal Builder is used for build
gcc -o Clase4.exe "src\\Clase4.o" "src\\utn.o" 
Info: Nothing to build for Clase4
Info: Nothing to build for Clase4
Info: Nothing to build for Clase4
Info: Nothing to build for Clase4
20:04:25 **** Incremental Build of configuration Debug for project Clase4 ****
Info: Internal Builder is used for build
gcc -O0 -g3 -Wall -c -fmessage-length=0 -o "src\\Clase4.o" "..\\src\\Clase4.c" 
gcc -o Clase4.exe "src\\Clase4.o" "src\\utn.o" 
Info: Nothing to build for Clase4
20:35:01 **** Incremental Build of configuration Debug for project Clase4 ****
Info: Internal Builder is used for build
gcc -O0 -g3 -Wall -c -fmessage-length=0 -o "src\\utn.o" "..\\src\\utn.c" 
..\src\utn.c: In function 'utn_getNumero':
..\src\utn.c:26:6: warning: unused variable 'bufferInt' [-Wunused-variable]
   26 |  int bufferInt;
      |      ^~~~~~~~~
gcc -O0 -g3 -Wall -c -fmessage-length=0 -o "src\\Clase4.o" "..\\src\\Clase4.c" 
..\src\Clase4.c: In function 'main':
..\src\Clase4.c:22:32: error: expected expression before 'int'
   22 |     respuesta = utn_getNumero (int* pResultado, char* mensaje, char* mensajeError, int minimo, int maximo, int reintentos);
      |                                ^~~
..\src\Clase4.c:22:17: error: too few arguments to function 'utn_getNumero'
   22 |     respuesta = utn_getNumero (int* pResultado, char* mensaje, char* mensajeError, int minimo, int maximo, int reintentos);
      |                 ^~~~~~~~~~~~~
In file included from ..\src\Clase4.c:13:
..\src\utn.h:12:5: note: declared here
   12 | int utn_getNumero (int* pResultado, char* mensaje, char* mensajeError, int minimo, int maximo, int reintentos);
      |     ^~~~~~~~~~~~~
..\src\Clase4.c:19:9: warning: variable 'respuesta' set but not used [-Wunused-but-set-variable]
   19 |     int respuesta;
      |         ^~~~~~~~~
..\src\Clase4.c:18:9: warning: unused variable 'resultado' [-Wunused-variable]
   18 |     int resultado;
      |         ^~~~~~~~~
20:36:48 **** Incremental Build of configuration Debug for project Clase4 ****
Info: Internal Builder is used for build
gcc -O0 -g3 -Wall -c -fmessage-length=0 -o "src\\Clase4.o" "..\\src\\Clase4.c" 
..\src\Clase4.c: In function 'main':
..\src\Clase4.c:19:9: warning: variable 'respuesta' set but not used [-Wunused-but-set-variable]
   19 |     int respuesta;
      |         ^~~~~~~~~
gcc -o Clase4.exe "src\\Clase4.o" "src\\utn.o" 
20:38:44 **** Incremental Build of configuration Debug for project Clase4 ****
Info: Internal Builder is used for build
gcc -O0 -g3 -Wall -c -fmessage-length=0 -o "src\\utn.o" "..\\src\\utn.c" 
..\src\utn.c: In function 'utn_getNumero':
..\src\utn.c:32:12: warning: format '%d' expects argument of type 'int *', but argument 2 has type 'int' [-Wformat=]
   32 |   scanf ("%d", bufferInt);
      |           ~^   ~~~~~~~~~
      |            |   |
      |            |   int
      |            int *
..\src\utn.c:32:3: warning: 'bufferInt' may be used uninitialized in this function [-Wmaybe-uninitialized]
   32 |   scanf ("%d", bufferInt);
      |   ^~~~~~~~~~~~~~~~~~~~~~~
gcc -o Clase4.exe "src\\Clase4.o" "src\\utn.o" 
20:39:13 **** Incremental Build of configuration Debug for project Clase4 ****
Info: Internal Builder is used for build
gcc -O0 -g3 -Wall -c -fmessage-length=0 -o "src\\utn.o" "..\\src\\utn.c" 
gcc -o Clase4.exe "src\\Clase4.o" "src\\utn.o" 
Info: Nothing to build for Clase4
20:42:20 **** Incremental Build of configuration Debug for project Clase4 ****
Info: Internal Builder is used for build
gcc -O0 -g3 -Wall -c -fmessage-length=0 -o "src\\Clase4.o" "..\\src\\Clase4.c" 
gcc -O0 -g3 -Wall -c -fmessage-length=0 -o "src\\utn.o" "..\\src\\utn.c" 
gcc -o Clase4.exe "src\\Clase4.o" "src\\utn.o" 
Info: Nothing to build for Clase4
20:48:00 **** Incremental Build of configuration Debug for project Clase4 ****
Info: Internal Builder is used for build
gcc -O0 -g3 -Wall -c -fmessage-length=0 -o "src\\utn.o" "..\\src\\utn.c" 
..\src\utn.c: In function 'utn_getNumero':
..\src\utn.c:34:21: error: expected '=', ',', ';', 'asm' or '__attribute__' before '<' token
   34 |   for (int i = 0, i < reintentos, i++){
      |                     ^
..\src\utn.c:45:2: error: expected expression before '}' token
   45 |  }
      |  ^
..\src\utn.c:45:2: error: expected expression before '}' token
..\src\utn.c:45:2: error: expected expression before '}' token
..\src\utn.c:34:12: warning: unused variable 'i' [-Wunused-variable]
   34 |   for (int i = 0, i < reintentos, i++){
      |            ^
20:48:16 **** Incremental Build of configuration Debug for project Clase4 ****
Info: Internal Builder is used for build
gcc -O0 -g3 -Wall -c -fmessage-length=0 -o "src\\utn.o" "..\\src\\utn.c" 
..\src\utn.c: In function 'utn_getNumero':
..\src\utn.c:34:21: error: expected '=', ',', ';', 'asm' or '__attribute__' before '<' token
   34 |   for (int i = 0, i < reintentos, i++){
      |                     ^
..\src\utn.c:47:2: error: expected expression before 'return'
   47 |  return retorno;
      |  ^~~~~~
..\src\utn.c:48:1: error: expected expression before '}' token
   48 | }
      | ^
..\src\utn.c:48:1: error: expected expression before '}' token
..\src\utn.c:34:12: warning: unused variable 'i' [-Wunused-variable]
   34 |   for (int i = 0, i < reintentos, i++){
      |            ^
..\src\utn.c:48:1: error: expected declaration or statement at end of input
   48 | }
      | ^
..\src\utn.c:27:6: warning: unused variable 'retorno' [-Wunused-variable]
   27 |  int retorno = -1;
      |      ^~~~~~~
..\src\utn.c:48:1: warning: control reaches end of non-void function [-Wreturn-type]
   48 | }
      | ^
20:49:07 **** Incremental Build of configuration Debug for project Clase4 ****
Info: Internal Builder is used for build
gcc -O0 -g3 -Wall -c -fmessage-length=0 -o "src\\utn.o" "..\\src\\utn.c" 
..\src\utn.c: In function 'utn_getNumero':
..\src\utn.c:46:1: error: expected declaration or statement at end of input
   46 | }
      | ^
..\src\utn.c:46:1: warning: control reaches end of non-void function [-Wreturn-type]
   46 | }
      | ^
20:49:26 **** Incremental Build of configuration Debug for project Clase4 ****
Info: Internal Builder is used for build
gcc -O0 -g3 -Wall -c -fmessage-length=0 -o "src\\utn.o" "..\\src\\utn.c" 
gcc -o Clase4.exe "src\\Clase4.o" "src\\utn.o" 
Info: Nothing to build for Clase4
Info: Nothing to build for Clase4
Info: Nothing to build for Clase4
Info: Nothing to build for Clase4
20:52:42 **** Incremental Build of configuration Debug for project Clase4 ****
Info: Internal Builder is used for build
gcc -O0 -g3 -Wall -c -fmessage-length=0 -o "src\\utn.o" "..\\src\\utn.c" 
..\src\utn.c: In function 'utn_getNumero':
..\src\utn.c:29:8: error: expected expression before ')' token
   29 |   for ()
      |        ^
..\src\utn.c:29:8: error: expected expression before ')' token
20:52:53 **** Incremental Build of configuration Debug for project Clase4 ****
Info: Internal Builder is used for build
gcc -O0 -g3 -Wall -c -fmessage-length=0 -o "src\\utn.o" "..\\src\\utn.c" 
gcc -o Clase4.exe "src\\Clase4.o" "src\\utn.o" 
20:53:59 **** Incremental Build of configuration Debug for project Clase4 ****
Info: Internal Builder is used for build
gcc -O0 -g3 -Wall -c -fmessage-length=0 -o "src\\utn.o" "..\\src\\utn.c" 
..\src\utn.c: In function 'utn_getNumero':
..\src\utn.c:32:13: warning: right-hand operand of comma expression has no effect [-Wunused-value]
   32 |   for (i = 0, i <= reintentos, i++)
      |             ^
..\src\utn.c:32:35: error: expected ';' before ')' token
   32 |   for (i = 0, i <= reintentos, i++)
      |                                   ^
      |                                   ;
..\src\utn.c:32:35: error: expected expression before ')' token
20:54:23 **** Incremental Build of configuration Debug for project Clase4 ****
Info: Internal Builder is used for build
gcc -O0 -g3 -Wall -c -fmessage-length=0 -o "src\\utn.o" "..\\src\\utn.c" 
gcc -o Clase4.exe "src\\Clase4.o" "src\\utn.o" 
Info: Nothing to build for Clase4
20:56:09 **** Incremental Build of configuration Debug for project Clase4 ****
Info: Internal Builder is used for build
gcc -O0 -g3 -Wall -c -fmessage-length=0 -o "src\\utn.o" "..\\src\\utn.c" 
gcc -O0 -g3 -Wall -c -fmessage-length=0 -o "src\\Clase4.o" "..\\src\\Clase4.c" 
gcc -o Clase4.exe "src\\Clase4.o" "src\\utn.o" 
Info: Nothing to build for Clase4
20:56:55 **** Incremental Build of configuration Debug for project Clase4 ****
Info: Internal Builder is used for build
gcc -O0 -g3 -Wall -c -fmessage-length=0 -o "src\\utn.o" "..\\src\\utn.c" 
gcc -o Clase4.exe "src\\Clase4.o" "src\\utn.o" 
Info: Nothing to build for Clase4
Info: Nothing to build for Clase4
Info: Nothing to build for Clase4
Info: Nothing to build for Clase4
20:59:07 **** Incremental Build of configuration Debug for project Clase4 ****
Info: Internal Builder is used for build
gcc -O0 -g3 -Wall -c -fmessage-length=0 -o "src\\utn.o" "..\\src\\utn.c" 
gcc -o Clase4.exe "src\\Clase4.o" "src\\utn.o" 
20:59:58 **** Incremental Build of configuration Debug for project Clase4 ****
Info: Internal Builder is used for build
gcc -O0 -g3 -Wall -c -fmessage-length=0 -o "src\\utn.o" "..\\src\\utn.c" 
gcc -o Clase4.exe "src\\Clase4.o" "src\\utn.o" 
c:/mingw/bin/../lib/gcc/mingw32/9.2.0/../../../../mingw32/bin/ld.exe: cannot open output file Clase4.exe: Permission denied
collect2.exe: error: ld returned 1 exit status
21:00:07 **** Incremental Build of configuration Debug for project Clase4 ****
Info: Internal Builder is used for build
gcc -o Clase4.exe "src\\Clase4.o" "src\\utn.o" 
21:03:36 **** Incremental Build of configuration Debug for project Clase4 ****
Info: Internal Builder is used for build
gcc -O0 -g3 -Wall -c -fmessage-length=0 -o "src\\utn.o" "..\\src\\utn.c" 
gcc -o Clase4.exe "src\\Clase4.o" "src\\utn.o" 
Info: Nothing to build for Clase4
21:58:28 **** Incremental Build of configuration Debug for project Clase4 ****
Info: Internal Builder is used for build
gcc -O0 -g3 -Wall -c -fmessage-length=0 -o "src\\Clase4.o" "..\\src\\Clase4.c" 
gcc -O0 -g3 -Wall -c -fmessage-length=0 -o "src\\utn.o" "..\\src\\utn.c" 
gcc -o Clase4.exe "src\\Clase4.o" "src\\utn.o" 
Info: Nothing to build for Clase4
22:06:08 **** Incremental Build of configuration Debug for project Clase4 ****
Info: Internal Builder is used for build
gcc -O0 -g3 -Wall -c -fmessage-length=0 -o "src\\utn.o" "..\\src\\utn.c" 
..\src\utn.c: In function 'utn_getNumeroFlotante':
..\src\utn.c:78:12: warning: format '%d' expects argument of type 'int *', but argument 2 has type 'float *' [-Wformat=]
   78 |    scanf("%d",&bufferFloat);
      |           ~^  ~~~~~~~~~~~~
      |            |  |
      |            |  float *
      |            int *
      |           %e
gcc -O0 -g3 -Wall -c -fmessage-length=0 -o "src\\Clase4.o" "..\\src\\Clase4.c" 
gcc -o Clase4.exe "src\\Clase4.o" "src\\utn.o" 
c:/mingw/bin/../lib/gcc/mingw32/9.2.0/../../../../mingw32/bin/ld.exe: cannot open output file Clase4.exe: Permission denied
collect2.exe: error: ld returned 1 exit status
22:06:41 **** Incremental Build of configuration Debug for project Clase4 ****
Info: Internal Builder is used for build
gcc -O0 -g3 -Wall -c -fmessage-length=0 -o "src\\utn.o" "..\\src\\utn.c" 
gcc -O0 -g3 -Wall -c -fmessage-length=0 -o "src\\Clase4.o" "..\\src\\Clase4.c" 
..\src\Clase4.c: In function 'main':
..\src\Clase4.c:33:53: warning: format '%f' expects argument of type 'double', but argument 2 has type 'int' [-Wformat=]
   33 |      printf ("El numero que genero la funcion fue: %f\n",resultado);
      |                                                    ~^    ~~~~~~~~~
      |                                                     |    |
      |                                                     |    int
      |                                                     double
      |                                                    %d
gcc -o Clase4.exe "src\\Clase4.o" "src\\utn.o" 
c:/mingw/bin/../lib/gcc/mingw32/9.2.0/../../../../mingw32/bin/ld.exe: cannot open output file Clase4.exe: Permission denied
collect2.exe: error: ld returned 1 exit status
22:07:45 **** Incremental Build of configuration Debug for project Clase4 ****
Info: Internal Builder is used for build
gcc -O0 -g3 -Wall -c -fmessage-length=0 -o "src\\Clase4.o" "..\\src\\Clase4.c" 
gcc -o Clase4.exe "src\\Clase4.o" "src\\utn.o" 
c:/mingw/bin/../lib/gcc/mingw32/9.2.0/../../../../mingw32/bin/ld.exe: cannot open output file Clase4.exe: Permission denied
collect2.exe: error: ld returned 1 exit status
22:07:48 **** Incremental Build of configuration Debug for project Clase4 ****
Info: Internal Builder is used for build
gcc -o Clase4.exe "src\\Clase4.o" "src\\utn.o" 
c:/mingw/bin/../lib/gcc/mingw32/9.2.0/../../../../mingw32/bin/ld.exe: cannot open output file Clase4.exe: Permission denied
collect2.exe: error: ld returned 1 exit status
22:07:50 **** Incremental Build of configuration Debug for project Clase4 ****
Info: Internal Builder is used for build
gcc -o Clase4.exe "src\\Clase4.o" "src\\utn.o" 
c:/mingw/bin/../lib/gcc/mingw32/9.2.0/../../../../mingw32/bin/ld.exe: cannot open output file Clase4.exe: Permission denied
collect2.exe: error: ld returned 1 exit status
22:07:51 **** Incremental Build of configuration Debug for project Clase4 ****
Info: Internal Builder is used for build
gcc -o Clase4.exe "src\\Clase4.o" "src\\utn.o" 
Info: Nothing to build for Clase4
22:13:09 **** Incremental Build of configuration Debug for project Clase4 ****
Info: Internal Builder is used for build
gcc -O0 -g3 -Wall -c -fmessage-length=0 -o "src\\Clase4.o" "..\\src\\Clase4.c" 
gcc -O0 -g3 -Wall -c -fmessage-length=0 -o "src\\utn.o" "..\\src\\utn.c" 
gcc -o Clase4.exe "src\\Clase4.o" "src\\utn.o" 
Info: Nothing to build for Clase4
22:13:31 **** Incremental Build of configuration Debug for project Clase4 ****
Info: Internal Builder is used for build
gcc -O0 -g3 -Wall -c -fmessage-length=0 -o "src\\Clase4.o" "..\\src\\Clase4.c" 
..\src\Clase4.c: In function 'main':
..\src\Clase4.c:20:11: warning: unused variable 'resultadoFloat' [-Wunused-variable]
   20 |     float resultadoFloat;
      |           ^~~~~~~~~~~~~~
..\src\Clase4.c:18:9: warning: unused variable 'resultado' [-Wunused-variable]
   18 |     int resultado;
      |         ^~~~~~~~~
gcc -o Clase4.exe "src\\Clase4.o" "src\\utn.o" 
Info: Nothing to build for Clase4
Info: Nothing to build for Clase4
Info: Nothing to build for Clase4
22:15:02 **** Incremental Build of configuration Debug for project Clase4 ****
Info: Internal Builder is used for build
gcc -O0 -g3 -Wall -c -fmessage-length=0 -o "src\\Clase4.o" "..\\src\\Clase4.c" 
..\src\Clase4.c: In function 'main':
..\src\Clase4.c:20:11: warning: unused variable 'resultadoFloat' [-Wunused-variable]
   20 |     float resultadoFloat;
      |           ^~~~~~~~~~~~~~
..\src\Clase4.c:18:9: warning: unused variable 'resultado' [-Wunused-variable]
   18 |     int resultado;
      |         ^~~~~~~~~
gcc -o Clase4.exe "src\\Clase4.o" "src\\utn.o" 
Info: Nothing to build for Clase4
22:19:23 **** Incremental Build of configuration Debug for project Clase4 ****
Info: Internal Builder is used for build
gcc -O0 -g3 -Wall -c -fmessage-length=0 -o "src\\Clase4.o" "..\\src\\Clase4.c" 
..\src\Clase4.c: In function 'main':
..\src\Clase4.c:20:11: warning: unused variable 'resultadoFloat' [-Wunused-variable]
   20 |     float resultadoFloat;
      |           ^~~~~~~~~~~~~~
..\src\Clase4.c:18:9: warning: unused variable 'resultado' [-Wunused-variable]
   18 |     int resultado;
      |         ^~~~~~~~~
gcc -o Clase4.exe "src\\Clase4.o" "src\\utn.o" 
Info: Nothing to build for Clase4
22:27:48 **** Incremental Build of configuration Debug for project Clase4 ****
Info: Internal Builder is used for build
gcc -O0 -g3 -Wall -c -fmessage-length=0 -o "src\\utn.o" "..\\src\\utn.c" 
gcc -o Clase4.exe "src\\Clase4.o" "src\\utn.o" 
c:/mingw/bin/../lib/gcc/mingw32/9.2.0/../../../../mingw32/bin/ld.exe: cannot open output file Clase4.exe: Permission denied
collect2.exe: error: ld returned 1 exit status
22:27:51 **** Incremental Build of configuration Debug for project Clase4 ****
Info: Internal Builder is used for build
gcc -o Clase4.exe "src\\Clase4.o" "src\\utn.o" 
22:29:11 **** Incremental Build of configuration Debug for project Clase4 ****
Info: Internal Builder is used for build
gcc -O0 -g3 -Wall -c -fmessage-length=0 -o "src\\Clase4.o" "..\\src\\Clase4.c" 
..\src\Clase4.c: In function 'main':
..\src\Clase4.c:20:11: warning: unused variable 'resultadoFloat' [-Wunused-variable]
   20 |     float resultadoFloat;
      |           ^~~~~~~~~~~~~~
..\src\Clase4.c:18:9: warning: unused variable 'resultado' [-Wunused-variable]
   18 |     int resultado;
      |         ^~~~~~~~~
gcc -o Clase4.exe "src\\Clase4.o" "src\\utn.o" 
Info: Nothing to build for Clase4
